
=== Wed Sep 29 10:23:21 2021

Packages were changed.
Update Mode: updateDependencies

The following packages were updated:
  com.unity.collab-proxy from version 1.5.7 to 1.9.0
  com.unity.ide.visualstudio from version 2.0.9 to 2.0.11
  com.unity.test-framework from version 1.1.27 to 1.1.29

=== Tue Nov  2 10:16:18 2021

Packages were changed.
Update Mode: updateDependencies

The following packages were updated:
  com.unity.collab-proxy from version 1.9.0 to 1.13.5

=== Mon Jan 31 09:41:10 2022

Packages were changed.
Update Mode: updateDependencies

The following packages were updated:
  com.unity.collab-proxy from version 1.13.5 to 1.15.7
  com.unity.ide.visualstudio from version 2.0.11 to 2.0.12
  com.unity.inputsystem from version 1.0.2 to 1.2.0

=== Tue Mar  8 08:39:32 2022

Packages were changed.
Update Mode: updateDependencies

The following packages were updated:
  com.unity.collab-proxy from version 1.15.7 to 1.15.12
  com.unity.ide.visualstudio from version 2.0.12 to 2.0.14
  com.unity.inputsystem from version 1.2.0 to 1.3.0

=== Mon May 23 09:20:01 2022

Packages were changed.
Update Mode: updateDependencies

The following packages were updated:
  com.unity.collab-proxy from version 1.15.12 to 1.15.16
  com.unity.ide.vscode from version 1.2.4 to 1.2.5
  com.unity.test-framework from version 1.1.29 to 1.1.31

=== Mon Oct  3 12:03:13 2022

Packages were changed.
Update Mode: updateDependencies

The following packages were updated:
  com.unity.ide.visualstudio from version 2.0.14 to 2.0.16
